# CONFIG_ALLOW_DEV_COREDUMP is not set
# CONFIG_ANDROID_LOW_MEMORY_KILLER is not set
# CONFIG_ARM64_ERRATUM_1188873 is not set
# CONFIG_ARM64_ERRATUM_819472 is not set
# CONFIG_ARM64_ERRATUM_824069 is not set
# CONFIG_ARM64_ERRATUM_826319 is not set
# CONFIG_ARM64_ERRATUM_827319 is not set
# CONFIG_ARM64_ERRATUM_832075 is not set
# CONFIG_ARM64_ERRATUM_845719 is not set
# CONFIG_ARM64_ERRATUM_858921 is not set
# CONFIG_AUDIT is not set
# CONFIG_AUDIT_COMPAT_GENERIC is not set
# CONFIG_AUDIT_GENERIC is not set
# CONFIG_BLK_DEBUG_FS is not set
# CONFIG_BRIDGE_NETFILTER is not set
# CONFIG_BT_DEBUGFS is not set
# CONFIG_CAVIUM_ERRATUM_22375 is not set
# CONFIG_CAVIUM_ERRATUM_23154 is not set
# CONFIG_CAVIUM_ERRATUM_27456 is not set
# CONFIG_CAVIUM_ERRATUM_30115 is not set
# CONFIG_CC_STACKPROTECTOR_NONE is not set
CONFIG_CC_STACKPROTECTOR_STRONG=y
# CONFIG_CPU_BOOST is not set
# CONFIG_CPU_FREQ_DEFAULT_GOV_CONSERVATIVE is not set
CONFIG_CPU_FREQ_DEFAULT_GOV_PERFORMANCE=y
# CONFIG_CPU_FREQ_STAT is not set
CONFIG_CRYPTO_LZ4=y
# CONFIG_CRYPTO_LZO is not set
# CONFIG_CRYPTO_ZSTD is not set
# CONFIG_DEBUG_FS is not set
# CONFIG_ECRYPT_FS is not set
CONFIG_FORTIFY_SOURCE=y
# CONFIG_FSL_ERRATUM_A008585 is not set
CONFIG_GAF=y
# CONFIG_HIDRAW is not set
# CONFIG_HID_A4TECH is not set
# CONFIG_HID_ACRUX is not set
# CONFIG_HID_BELKIN is not set
# CONFIG_HID_CHERRY is not set
# CONFIG_HID_CHICONY is not set
# CONFIG_HID_CYPRESS is not set
# CONFIG_HID_DRAGONRISE is not set
# CONFIG_HID_EMS_FF is not set
# CONFIG_HID_EZKEY is not set
# CONFIG_HID_GREENASIA is not set
# CONFIG_HID_GYRATION is not set
# CONFIG_HID_HOLTEK is not set
# CONFIG_HID_KENSINGTON is not set
# CONFIG_HID_KEYTOUCH is not set
# CONFIG_HID_KYE is not set
# CONFIG_HID_LCPOWER is not set
# CONFIG_HID_LOGITECH is not set
# CONFIG_HID_MONTEREY is not set
# CONFIG_HID_NTRIG is not set
# CONFIG_HID_ORTEK is not set
# CONFIG_HID_PANTHERLORD is not set
# CONFIG_HID_PETALYNX is not set
# CONFIG_HID_PICOLCD is not set
# CONFIG_HID_PRIMAX is not set
# CONFIG_HID_PRODIKEYS is not set
CONFIG_HID_QVR=y
# CONFIG_HID_ROCCAT is not set
# CONFIG_HID_SAITEK is not set
# CONFIG_HID_SMARTJOYPLUS is not set
# CONFIG_HID_SPEEDLINK is not set
# CONFIG_HID_SUNPLUS is not set
# CONFIG_HID_THRUSTMASTER is not set
# CONFIG_HID_TIVO is not set
# CONFIG_HID_TOPSEED is not set
# CONFIG_HID_TWINHAN is not set
# CONFIG_HID_UCLOGIC is not set
# CONFIG_HID_WACOM is not set
# CONFIG_HID_WALTOP is not set
# CONFIG_HID_WIIMOTE is not set
# CONFIG_HID_ZEROPLUS is not set
# CONFIG_HID_ZYDACRON is not set
# CONFIG_HISILICON_ERRATUM_161010101 is not set
# CONFIG_INTEGRITY is not set
# CONFIG_IPC_LOGGING is not set
# CONFIG_IR_MSM_GENI is not set
# CONFIG_KNOX_KAP is not set
CONFIG_LOCALVERSION="-MasterKernel_v13"
# CONFIG_MMC_CQ_HCI_CRYPTO is not set
# CONFIG_MMC_TEST is not set
# CONFIG_MODULES is not set
# CONFIG_MSM_11AD is not set
# CONFIG_MSM_BOOT_STATS is not set
CONFIG_MSM_JTAGV8=y
# CONFIG_OF_OVERLAY is not set
CONFIG_PID_IN_CONTEXTIDR=y
# CONFIG_PRINT_QUOTA_WARNING is not set
# CONFIG_PROC_TRIGGER_SQLITE_BUG is not set
CONFIG_PSI=y
# CONFIG_PWM_QTI_LPG is not set
# CONFIG_QCOM_FALKOR_ERRATUM_1003 is not set
# CONFIG_QCOM_FALKOR_ERRATUM_1009 is not set
# CONFIG_QCOM_FALKOR_ERRATUM_E1041 is not set
# CONFIG_QCOM_LLCC_PERFMON is not set
# CONFIG_QCOM_MINIDUMP is not set
# CONFIG_QCOM_QDF2400_ERRATUM_0065 is not set
# CONFIG_QMP_DEBUGFS_CLIENT is not set
# CONFIG_QTI_RPM_STATS_LOG is not set
CONFIG_SAMSUNG_PRODUCT_SHIP=y
# CONFIG_SECURITY_SELINUX_AVC_STATS is not set
# CONFIG_SERIO is not set
# CONFIG_SLUB_DEBUG is not set
# CONFIG_SND_DRIVERS is not set
# CONFIG_SND_SPI is not set
# CONFIG_SND_SUPPORT_OLD_API is not set
# CONFIG_SND_VERBOSE_PROCFS is not set
# CONFIG_SONY_FF is not set
CONFIG_SUSPEND_SKIP_SYNC=y
# CONFIG_TCP_CONG_HTCP is not set
# CONFIG_TCP_CONG_WESTWOOD is not set
# CONFIG_UEVENT_HELPER is not set
# CONFIG_UH is not set
# CONFIG_UH_LKMAUTH is not set
# CONFIG_UH_LKM_BLOCK is not set
# CONFIG_UH_RKP is not set
# CONFIG_USB_EHSET_TEST_FIXTURE is not set
# CONFIG_USB_ISP1760 is not set
# CONFIG_USB_LINK_LAYER_TEST is not set
# CONFIG_USB_QCOM_EMU_PHY is not set
# CONFIG_VM_EVENT_COUNTERS is not set
# CONFIG_WATCHDOG is not set
# CONFIG_WIL6210 is not set
# CONFIG_ZRAM_WRITEBACK is not set
CONFIG_DECOMPRESS_LZ4=y
# CONFIG_FIVE_EARLY_LOAD_TRUSTED_APP is not set
# CONFIG_FIVE_SIGN_TA is not set
# CONFIG_FIVE_TEE_DRIVER is not set
# CONFIG_FIVE_USE_EMULATOR is not set
# CONFIG_FIVE_USE_QSEE is not set
# CONFIG_GAF_V3 is not set
# CONFIG_GAF_V4 is not set
# CONFIG_GAF_V5 is not set
# CONFIG_GAF_V6 is not set
# CONFIG_ICD is not set
CONFIG_LZ4_DECOMPRESS=y
CONFIG_NO_IOPORT_MAP=y
# CONFIG_PROCA is not set
# CONFIG_RKP_DMAP_PROT is not set
# CONFIG_RKP_NS_PROT is not set
# CONFIG_SEC_QUEST_AUTO_TRIGGER_INIT_WRITE is not set
# CONFIG_SEC_QUEST_AUTO_TRIGGER_KWORKER is not set
# CONFIG_SEC_QUEST_UEFI_ACT_TRIGGER is not set
# CONFIG_TEE_DRIVER_DEBUG is not set
